<?xml version="1.0" encoding="UTF-8"?>
<!-- Generated by org.testng.reporters.JUnitReportReporter -->
<testsuite skipped="0" hostname="HDC2-D-CBSVXJ2" name="alpha123.TestActionsKeyboard" tests="1" failures="0" timestamp="13 Aug 2019 07:02:25 GMT" time="15.607" errors="0">
  <testcase name="testActions" time="15.607" classname="alpha123.TestActionsKeyboard"/>
</testsuite> <!-- alpha123.TestActionsKeyboard -->
