<?xml version="1.0" encoding="UTF-8"?>
<!-- Generated by org.testng.reporters.JUnitReportReporter -->
<testsuite skipped="0" hostname="HDC2-D-CBSVXJ2" name="alpha123.Bealert" tests="1" failures="0" timestamp="13 Aug 2019 05:18:03 GMT" time="21.219" errors="0">
  <testcase name="f" time="21.219" classname="alpha123.Bealert"/>
</testsuite> <!-- alpha123.Bealert -->
