<?xml version="1.0" encoding="UTF-8"?>
<!-- Generated by org.testng.reporters.JUnitReportReporter -->
<testsuite skipped="1" hostname="HDC2-D-CBSVXJ2" name="alpha12.ExtentReportsTest" tests="3" failures="0" timestamp="14 Aug 2019 08:34:50 GMT" time="0.030" errors="0">
  <testcase name="skipTest" time="0.004" classname="alpha12.ExtentReportsTest">
    <skipped/>
  </testcase> <!-- skipTest -->
  <testcase name="failTest" time="0.023" classname="alpha12.ExtentReportsTest"/>
  <testcase name="passTest" time="0.003" classname="alpha12.ExtentReportsTest"/>
</testsuite> <!-- alpha12.ExtentReportsTest -->
