<?xml version="1.0" encoding="UTF-8"?>
<!-- Generated by org.testng.reporters.JUnitReportReporter -->
<testsuite skipped="0" hostname="HDC2-D-CBSVXJ2" name="alpha123.browtabex" tests="1" failures="0" timestamp="13 Aug 2019 05:01:19 GMT" time="14.070" errors="0">
  <testcase name="f" time="14.070" classname="alpha123.browtabex"/>
</testsuite> <!-- alpha123.browtabex -->
