<?xml version="1.0" encoding="UTF-8"?>
<!-- Generated by org.testng.reporters.JUnitReportReporter -->
<testsuite skipped="0" hostname="HDC2-D-CBSVXJ2" name="alpha123.Colltn" tests="1" failures="0" timestamp="12 Aug 2019 09:47:45 GMT" time="53.008" errors="0">
  <testcase name="f" time="53.008" classname="alpha123.Colltn"/>
</testsuite> <!-- alpha123.Colltn -->
