<?xml version="1.0" encoding="UTF-8"?>
<!-- Generated by org.testng.reporters.JUnitReportReporter -->
<testsuite skipped="0" hostname="HDC2-D-CBSVXJ2" name="alpha123.PreTest" tests="6" failures="0" timestamp="09 Aug 2019 10:08:21 GMT" time="0.022" errors="0">
  <testcase name="openApp" time="0.003" classname="alpha123.PreTest"/>
  <testcase name="openApp" time="0.002" classname="alpha123.PreTest"/>
  <testcase name="login" time="0.003" classname="alpha123.PreTest"/>
  <testcase name="login" time="0.003" classname="alpha123.PreTest"/>
  <testcase name="logout" time="0.005" classname="alpha123.PreTest"/>
  <testcase name="logout" time="0.006" classname="alpha123.PreTest"/>
</testsuite> <!-- alpha123.PreTest -->
