<?xml version="1.0" encoding="UTF-8"?>
<!-- Generated by org.testng.reporters.JUnitReportReporter -->
<testsuite skipped="0" hostname="HDC2-D-CBSVXJ2" name="alpha123.Printtab" tests="1" failures="0" timestamp="13 Aug 2019 03:52:27 GMT" time="9.716" errors="0">
  <testcase name="f" time="9.716" classname="alpha123.Printtab"/>
</testsuite> <!-- alpha123.Printtab -->
