<?xml version="1.0" encoding="UTF-8"?>
<!-- Generated by org.testng.reporters.JUnitReportReporter -->
<testsuite skipped="0" hostname="HDC2-D-CBSVXJ2" name="alpha12.Testinglogin" tests="1" failures="0" timestamp="16 Aug 2019 04:22:32 GMT" time="53.837" errors="0">
  <testcase name="f" time="53.837" classname="alpha12.Testinglogin"/>
</testsuite> <!-- alpha12.Testinglogin -->
