<?xml version="1.0" encoding="UTF-8"?>
<!-- Generated by org.testng.reporters.JUnitReportReporter -->
<testsuite skipped="0" hostname="HDC2-D-CBSVXJ2" name="alpha123.NewTest" tests="2" failures="0" timestamp="09 Aug 2019 10:08:21 GMT" time="0.007" errors="0">
  <testcase name="etransfer" time="0.001" classname="alpha123.NewTest"/>
  <testcase name="etransfer" time="0.006" classname="alpha123.NewTest"/>
</testsuite> <!-- alpha123.NewTest -->
