<?xml version="1.0" encoding="UTF-8"?>
<!-- Generated by org.testng.reporters.JUnitReportReporter -->
<testsuite skipped="0" hostname="HDC2-D-CBSVXJ2" name="alpha123.sen2" tests="1" failures="0" timestamp="13 Aug 2019 09:19:51 GMT" time="18.201" errors="0">
  <testcase name="testActions" time="18.201" classname="alpha123.sen2"/>
</testsuite> <!-- alpha123.sen2 -->
