<?xml version="1.0" encoding="UTF-8"?>
<!-- Generated by org.testng.reporters.JUnitReportReporter -->
<testsuite skipped="0" hostname="HDC2-D-CBSVXJ2" name="alpha123.sheetexcel" tests="1" failures="0" timestamp="13 Aug 2019 10:16:36 GMT" time="0.734" errors="0">
  <testcase name="f" time="0.734" classname="alpha123.sheetexcel"/>
</testsuite> <!-- alpha123.sheetexcel -->
