<?xml version="1.0" encoding="UTF-8"?>
<!-- Generated by org.testng.reporters.JUnitReportReporter -->
<testsuite skipped="0" hostname="HDC2-D-CBSVXJ2" name="alpha123.flightapp" tests="4" failures="0" timestamp="09 Aug 2019 10:59:06 GMT" time="0.015" errors="0">
  <testcase name="city" time="0.006" classname="alpha123.flightapp"/>
  <testcase name="city2" time="0.004" classname="alpha123.flightapp"/>
  <testcase name="login" time="0.003" classname="alpha123.flightapp"/>
  <testcase name="logout" time="0.002" classname="alpha123.flightapp"/>
</testsuite> <!-- alpha123.flightapp -->
