<?xml version="1.0" encoding="UTF-8"?>
<!-- Generated by org.testng.reporters.JUnitReportReporter -->
<testsuite skipped="0" hostname="HDC2-D-CBSVXJ2" name="alpha123.TestActions" tests="1" failures="0" timestamp="13 Aug 2019 07:05:40 GMT" time="21.841" errors="0">
  <testcase name="testActions" time="21.841" classname="alpha123.TestActions"/>
</testsuite> <!-- alpha123.TestActions -->
