<?xml version="1.0" encoding="UTF-8"?>
<!-- Generated by org.testng.reporters.JUnitReportReporter -->
<testsuite skipped="0" hostname="HDC2-D-CBSVXJ2" name="alpha123.TestScreenshot" tests="1" failures="0" timestamp="13 Aug 2019 07:00:20 GMT" time="18.810" errors="0">
  <testcase name="testActions" time="18.810" classname="alpha123.TestScreenshot"/>
</testsuite> <!-- alpha123.TestScreenshot -->
